2025-06-27 19:20:35,124 - DEBUG - Simple log setup complete.
2025-06-27 19:20:35,125 - DEBUG - Console logging level DEBUG
2025-06-27 19:20:35,125 - DEBUG - File logging level TRACE at /home/brenodupin/matheus/gdt/example/fungi_mit/misc/01_missing_dbxref_GeneID.log
2025-06-27 19:20:35,125 - DEBUG - Running from notebook AN_missing_dbxref_GeneID.ipynb
2025-06-27 19:20:38,300 - INFO - Found 3 ANs in /home/brenodupin/matheus/gdt/example/fungi_mit/misc/AN_missing_dbxref_GeneID.txt
2025-06-27 19:20:38,301 - TRACE - ANs: ['KX657746.1', 'HE983611.1', 'JQ346808.1']
2025-06-27 19:21:05,123 - INFO - GeneDict loaded from Fungi_mit_pilot_03.gdict
2025-06-27 19:21:05,123 - DEBUG - path: /home/brenodupin/matheus/gdt/example/fungi_mit/misc/gdt/Fungi_mit_pilot_03.gdict
2025-06-27 19:21:05,124 - INFO - Header:
2025-06-27 19:21:05,126 - INFO - 	version 0.0.2
2025-06-27 19:21:05,126 - INFO - 	Fungi_mit
2025-06-27 19:21:05,127 - INFO - 	2025-04-09 17:54 - Conversion from gdt to gdt2
2025-06-27 19:21:05,128 - INFO - 	2025-06-27 17:56 - Stripped GDICT version from original GDICT file
2025-06-27 19:21:05,128 - INFO - 	2025-06-27 17:56 - Labels removed
2025-06-27 19:21:05,129 - INFO - 	2025-06-27 17:56 - Labels renamed
2025-06-27 19:21:05,129 - INFO - 	2025-06-27 18:41 - Data added from 'AN_missing_gene_dict parsing gene= + NCBI Description'
2025-06-27 19:21:05,130 - INFO - 	2025-06-27 18:56 - Data added from 'AN_missing_gene_dict parsing NCBI Gene Symbol'
2025-06-27 19:21:05,131 - INFO - GDT Info:
2025-06-27 19:21:05,131 - INFO - 	Labels: 57
2025-06-27 19:21:05,132 - INFO - 	Total Entries   : 1332
2025-06-27 19:21:05,133 - INFO - 	GeneDescriptions: 536
2025-06-27 19:21:05,133 - INFO - 	GeneGenerics    : 520
2025-06-27 19:21:05,134 - INFO - 	DbxrefGeneIDs   : 276
2025-06-27 19:21:16,016 - DEBUG - Features info df, writing to /home/brenodupin/matheus/gdt/example/fungi_mit/misc/features_info.tsv
2025-06-27 19:27:39,809 - INFO - Verifing that all feature_names.txt values (excluding those in feature_unks.txt) exist in the newest_gdict_file.
2025-06-27 19:27:39,813 - INFO - GeneDict loaded from Fungi_mit_pilot_04.gdict
2025-06-27 19:27:39,815 - DEBUG - path: /home/brenodupin/matheus/gdt/example/fungi_mit/misc/gdt/Fungi_mit_pilot_04.gdict
2025-06-27 19:27:39,816 - INFO - Header:
2025-06-27 19:27:39,817 - INFO - 	version 0.0.2
2025-06-27 19:27:39,817 - INFO - 	Fungi_mit
2025-06-27 19:27:39,818 - INFO - 	2025-04-09 17:54 - Conversion from gdt to gdt2
2025-06-27 19:27:39,819 - INFO - 	2025-06-27 17:56 - Stripped GDICT version from original GDICT file
2025-06-27 19:27:39,819 - INFO - 	2025-06-27 17:56 - Labels removed
2025-06-27 19:27:39,820 - INFO - 	2025-06-27 17:56 - Labels renamed
2025-06-27 19:27:39,821 - INFO - 	2025-06-27 18:41 - Data added from 'AN_missing_gene_dict parsing gene= + NCBI Description'
2025-06-27 19:27:39,821 - INFO - 	2025-06-27 18:56 - Data added from 'AN_missing_gene_dict parsing NCBI Gene Symbol'
2025-06-27 19:27:39,824 - INFO - GDT Info:
2025-06-27 19:27:39,825 - INFO - 	Labels: 57
2025-06-27 19:27:39,826 - INFO - 	Total Entries   : 1337
2025-06-27 19:27:39,826 - INFO - 	GeneDescriptions: 541
2025-06-27 19:27:39,828 - INFO - 	GeneGenerics    : 520
2025-06-27 19:27:39,828 - INFO - 	DbxrefGeneIDs   : 276
2025-06-27 19:27:56,097 - INFO -  ---- [Starting 'Automated insertion of gene_ids with known features from features_info.tsv'] ----
2025-06-27 19:27:56,098 - DEBUG - Adding gene-KX657746.1:43686..44465 with label 'MIT-ATP6', an_sources: ['KX657746.1'], comment: automated insertion from missing_dbxref_GeneID best feature
2025-06-27 19:27:56,099 - DEBUG - Adding gene-KX657746.1:43243..43389 with label 'MIT-ATP8', an_sources: ['KX657746.1'], comment: automated insertion from missing_dbxref_GeneID best feature
2025-06-27 19:27:56,100 - DEBUG - Adding gene-KX657746.1:60840..61070 with label 'MIT-ATP9', an_sources: ['KX657746.1'], comment: automated insertion from missing_dbxref_GeneID best feature
2025-06-27 19:27:56,101 - DEBUG - Adding gene-atp9 with label 'MIT-ATP9', an_sources: ['HE983611.1'], comment: automated insertion from missing_dbxref_GeneID best feature
2025-06-27 19:27:56,102 - DEBUG - Adding gene-KX657746.1:50911..56402 with label 'MIT-COB', an_sources: ['KX657746.1'], comment: automated insertion from missing_dbxref_GeneID best feature
2025-06-27 19:27:56,103 - DEBUG - Adding gene-KX657746.1:33527..42029 with label 'MIT-CO1', an_sources: ['KX657746.1'], comment: automated insertion from missing_dbxref_GeneID best feature
2025-06-27 19:27:56,104 - DEBUG - Adding gene-KX657746.1:13835..14590 with label 'MIT-CO2', an_sources: ['KX657746.1'], comment: automated insertion from missing_dbxref_GeneID best feature
2025-06-27 19:27:56,104 - DEBUG - Adding gene-KX657746.1:19927..20736 with label 'MIT-CO3', an_sources: ['KX657746.1'], comment: automated insertion from missing_dbxref_GeneID best feature
2025-06-27 19:27:56,106 - DEBUG - Adding rna-AFUA_m0250 with label 'MIT-RNRL', an_sources: ['JQ346808.1'], comment: automated insertion from missing_dbxref_GeneID best feature
2025-06-27 19:27:56,106 - DEBUG - Adding rna-KX657746.1:1..3338 with label 'MIT-RNRL', an_sources: ['KX657746.1'], comment: automated insertion from missing_dbxref_GeneID best feature
2025-06-27 19:27:56,107 - DEBUG - Adding rna-lsu with label 'MIT-RNRL', an_sources: ['HE983611.1'], comment: automated insertion from missing_dbxref_GeneID best feature
2025-06-27 19:27:56,108 - DEBUG - Adding gene-lsu with label 'MIT-RNRL', an_sources: ['HE983611.1'], comment: automated insertion from missing_dbxref_GeneID best feature
2025-06-27 19:27:56,109 - DEBUG - Adding gene-KX657746.1:1..3338 with label 'MIT-RNRL', an_sources: ['KX657746.1'], comment: automated insertion from missing_dbxref_GeneID best feature
2025-06-27 19:27:56,110 - DEBUG - Adding gene-KX657746.1:31383..31807 with label 'MIT-RPM1', an_sources: ['KX657746.1'], comment: automated insertion from missing_dbxref_GeneID best feature
2025-06-27 19:27:56,111 - DEBUG - Adding gene-KX657746.1:69794..71405 with label 'MIT-RNRS', an_sources: ['KX657746.1'], comment: automated insertion from missing_dbxref_GeneID best feature
2025-06-27 19:27:56,112 - DEBUG - Adding rna-rpm1 with label 'MIT-RPM1', an_sources: ['HE983611.1'], comment: automated insertion from missing_dbxref_GeneID best feature
2025-06-27 19:27:56,113 - DEBUG - Adding gene-KX657746.1:64298..65467 with label 'MIT-RPS3', an_sources: ['KX657746.1'], comment: automated insertion from missing_dbxref_GeneID best feature
2025-06-27 19:27:56,114 - DEBUG - Adding rna-KX657746.1:69794..71405 with label 'MIT-RNRS', an_sources: ['KX657746.1'], comment: automated insertion from missing_dbxref_GeneID best feature
2025-06-27 19:27:56,114 - DEBUG - Adding rna-AFUA_m0120 with label 'MIT-RNRS', an_sources: ['JQ346808.1'], comment: automated insertion from missing_dbxref_GeneID best feature
2025-06-27 19:27:56,116 - DEBUG - Adding rna-ssu with label 'MIT-RNRS', an_sources: ['HE983611.1'], comment: automated insertion from missing_dbxref_GeneID best feature
2025-06-27 19:27:56,117 - DEBUG - Adding gene-ssu with label 'MIT-RNRS', an_sources: ['HE983611.1'], comment: automated insertion from missing_dbxref_GeneID best feature
2025-06-27 19:27:56,118 - DEBUG - Adding rna-AFUA_m0330 with label 'MIT-TA', an_sources: ['JQ346808.1'], comment: automated insertion from missing_dbxref_GeneID best feature
2025-06-27 19:27:56,119 - DEBUG - Adding rna-AFUA_m0470 with label 'MIT-TA', an_sources: ['JQ346808.1'], comment: automated insertion from missing_dbxref_GeneID best feature
2025-06-27 19:27:56,120 - DEBUG - Adding rna-KX657746.1:11127..11199 with label 'MIT-TA', an_sources: ['KX657746.1'], comment: automated insertion from missing_dbxref_GeneID best feature
2025-06-27 19:27:56,121 - DEBUG - Adding rna-tRNA-Ala with label 'MIT-TA', an_sources: ['HE983611.1'], comment: automated insertion from missing_dbxref_GeneID best feature
2025-06-27 19:27:56,124 - DEBUG - Adding rna-AFUA_m0070 with label 'MIT-TR', an_sources: ['JQ346808.1'], comment: automated insertion from missing_dbxref_GeneID best feature
2025-06-27 19:27:56,124 - DEBUG - Adding rna-KX657746.1:10202..10272 with label 'MIT-TR', an_sources: ['KX657746.1'], comment: automated insertion from missing_dbxref_GeneID best feature
2025-06-27 19:27:56,129 - DEBUG - Adding rna-tRNA-Arg-2 with label 'MIT-TR', an_sources: ['HE983611.1'], comment: automated insertion from missing_dbxref_GeneID best feature
2025-06-27 19:27:56,130 - DEBUG - Adding rna-KX657746.1:7667..7739 with label 'MIT-TR', an_sources: ['KX657746.1'], comment: automated insertion from missing_dbxref_GeneID best feature
2025-06-27 19:27:56,130 - DEBUG - Adding rna-AFUA_m0500 with label 'MIT-TR', an_sources: ['JQ346808.1'], comment: automated insertion from missing_dbxref_GeneID best feature
2025-06-27 19:27:56,132 - DEBUG - Adding rna-tRNA-Arg with label 'MIT-TR', an_sources: ['HE983611.1'], comment: automated insertion from missing_dbxref_GeneID best feature
2025-06-27 19:27:56,133 - DEBUG - Adding rna-tRNA-Asn with label 'MIT-TN', an_sources: ['HE983611.1'], comment: automated insertion from missing_dbxref_GeneID best feature
2025-06-27 19:27:56,134 - DEBUG - Adding rna-AFUA_m0080 with label 'MIT-TN', an_sources: ['JQ346808.1'], comment: automated insertion from missing_dbxref_GeneID best feature
2025-06-27 19:27:56,138 - DEBUG - Adding rna-KX657746.1:12478..12549 with label 'MIT-TN', an_sources: ['KX657746.1'], comment: automated insertion from missing_dbxref_GeneID best feature
2025-06-27 19:27:56,144 - DEBUG - Adding rna-AFUA_m0030 with label 'MIT-TN', an_sources: ['JQ346808.1'], comment: automated insertion from missing_dbxref_GeneID best feature
2025-06-27 19:27:56,145 - DEBUG - Adding rna-KX657746.1:9037..9108 with label 'MIT-TD', an_sources: ['KX657746.1'], comment: automated insertion from missing_dbxref_GeneID best feature
2025-06-27 19:27:56,147 - DEBUG - Adding rna-tRNA-Asp with label 'MIT-TD', an_sources: ['HE983611.1'], comment: automated insertion from missing_dbxref_GeneID best feature
2025-06-27 19:27:56,148 - DEBUG - Adding rna-AFUA_m0190 with label 'MIT-TD', an_sources: ['JQ346808.1'], comment: automated insertion from missing_dbxref_GeneID best feature
2025-06-27 19:27:56,149 - DEBUG - Adding rna-KX657746.1:5392..5464 with label 'MIT-TC', an_sources: ['KX657746.1'], comment: automated insertion from missing_dbxref_GeneID best feature
2025-06-27 19:27:56,150 - DEBUG - Adding rna-tRNA-Cys with label 'MIT-TC', an_sources: ['HE983611.1'], comment: automated insertion from missing_dbxref_GeneID best feature
2025-06-27 19:27:56,151 - DEBUG - Adding rna-AFUA_m0020 with label 'MIT-TC', an_sources: ['JQ346808.1'], comment: automated insertion from missing_dbxref_GeneID best feature
2025-06-27 19:27:56,153 - DEBUG - Adding rna-tRNA-Gln with label 'MIT-TQ', an_sources: ['HE983611.1'], comment: automated insertion from missing_dbxref_GeneID best feature
2025-06-27 19:27:56,155 - DEBUG - Adding rna-AFUA_m0360 with label 'MIT-TQ', an_sources: ['JQ346808.1'], comment: automated insertion from missing_dbxref_GeneID best feature
2025-06-27 19:27:56,161 - DEBUG - Adding rna-KX657746.1:6429..6501 with label 'MIT-TQ', an_sources: ['KX657746.1'], comment: automated insertion from missing_dbxref_GeneID best feature
2025-06-27 19:27:56,164 - DEBUG - Adding rna-AFUA_m0280 with label 'MIT-TE', an_sources: ['JQ346808.1'], comment: automated insertion from missing_dbxref_GeneID best feature
2025-06-27 19:27:56,166 - DEBUG - Adding rna-KX657746.1:49884..49955 with label 'MIT-TE', an_sources: ['KX657746.1'], comment: automated insertion from missing_dbxref_GeneID best feature
2025-06-27 19:27:56,167 - DEBUG - Adding rna-tRNA-Glu with label 'MIT-TE', an_sources: ['HE983611.1'], comment: automated insertion from missing_dbxref_GeneID best feature
2025-06-27 19:27:56,168 - DEBUG - Adding rna-AFUA_m0170 with label 'MIT-TG', an_sources: ['JQ346808.1'], comment: automated insertion from missing_dbxref_GeneID best feature
2025-06-27 19:27:56,173 - DEBUG - Adding rna-AFUA_m0180 with label 'MIT-TG', an_sources: ['JQ346808.1'], comment: automated insertion from missing_dbxref_GeneID best feature
2025-06-27 19:27:56,177 - DEBUG - Adding rna-tRNA-Gly with label 'MIT-TG', an_sources: ['HE983611.1'], comment: automated insertion from missing_dbxref_GeneID best feature
2025-06-27 19:27:56,181 - DEBUG - Adding rna-KX657746.1:7877..7948 with label 'MIT-TG', an_sources: ['KX657746.1'], comment: automated insertion from missing_dbxref_GeneID best feature
2025-06-27 19:27:56,183 - DEBUG - Adding rna-AFUA_m0410 with label 'MIT-TH', an_sources: ['JQ346808.1'], comment: automated insertion from missing_dbxref_GeneID best feature
2025-06-27 19:27:56,184 - DEBUG - Adding rna-KX657746.1:5503..5573 with label 'MIT-TH', an_sources: ['KX657746.1'], comment: automated insertion from missing_dbxref_GeneID best feature
2025-06-27 19:27:56,185 - DEBUG - Adding rna-tRNA-His with label 'MIT-TH', an_sources: ['HE983611.1'], comment: automated insertion from missing_dbxref_GeneID best feature
2025-06-27 19:27:56,186 - DEBUG - Adding rna-KX657746.1:11325..11397 with label 'MIT-TI', an_sources: ['KX657746.1'], comment: automated insertion from missing_dbxref_GeneID best feature
2025-06-27 19:27:56,188 - DEBUG - Adding rna-AFUA_m0220 with label 'MIT-TI', an_sources: ['JQ346808.1'], comment: automated insertion from missing_dbxref_GeneID best feature
2025-06-27 19:27:56,189 - DEBUG - Adding rna-AFUA_m0100 with label 'MIT-TI', an_sources: ['JQ346808.1'], comment: automated insertion from missing_dbxref_GeneID best feature
2025-06-27 19:27:56,190 - DEBUG - Adding rna-tRNA-Ile with label 'MIT-TI', an_sources: ['HE983611.1'], comment: automated insertion from missing_dbxref_GeneID best feature
2025-06-27 19:27:56,191 - DEBUG - Adding rna-AFUA_m0050 with label 'MIT-TI', an_sources: ['JQ346808.1'], comment: automated insertion from missing_dbxref_GeneID best feature
2025-06-27 19:27:56,193 - DEBUG - Adding rna-AFUA_m0380 with label 'MIT-TI', an_sources: ['JQ346808.1'], comment: automated insertion from missing_dbxref_GeneID best feature
2025-06-27 19:27:56,196 - DEBUG - Adding rna-AFUA_m0320 with label 'MIT-TL1|2', an_sources: ['JQ346808.1'], comment: automated insertion from missing_dbxref_GeneID best feature
2025-06-27 19:27:56,198 - DEBUG - Adding rna-AFUA_m0350 with label 'MIT-TL1|2', an_sources: ['JQ346808.1'], comment: automated insertion from missing_dbxref_GeneID best feature
2025-06-27 19:27:56,198 - DEBUG - Adding rna-KX657746.1:6326..6407 with label 'MIT-TL1|2', an_sources: ['KX657746.1'], comment: automated insertion from missing_dbxref_GeneID best feature
2025-06-27 19:27:56,200 - DEBUG - Adding rna-tRNA-Leu-2 with label 'MIT-TL1|2', an_sources: ['HE983611.1'], comment: automated insertion from missing_dbxref_GeneID best feature
2025-06-27 19:27:56,201 - DEBUG - Adding rna-tRNA-Leu with label 'MIT-TL1|2', an_sources: ['HE983611.1'], comment: automated insertion from missing_dbxref_GeneID best feature
2025-06-27 19:27:56,203 - DEBUG - Adding rna-AFUA_m0160 with label 'MIT-TK', an_sources: ['JQ346808.1'], comment: automated insertion from missing_dbxref_GeneID best feature
2025-06-27 19:27:56,206 - DEBUG - Adding rna-KX657746.1:7294..7365 with label 'MIT-TK', an_sources: ['KX657746.1'], comment: automated insertion from missing_dbxref_GeneID best feature
2025-06-27 19:27:56,207 - DEBUG - Adding rna-tRNA-Lys with label 'MIT-TK', an_sources: ['HE983611.1'], comment: automated insertion from missing_dbxref_GeneID best feature
2025-06-27 19:27:56,208 - DEBUG - Adding rna-KX657746.1:30593..30665 with label 'MIT-TM', an_sources: ['KX657746.1'], comment: automated insertion from missing_dbxref_GeneID best feature
2025-06-27 19:27:56,212 - DEBUG - Adding rna-AFUA_m0310 with label 'MIT-TM', an_sources: ['JQ346808.1'], comment: automated insertion from missing_dbxref_GeneID best feature
2025-06-27 19:27:56,213 - DEBUG - Adding rna-AFUA_m0300 with label 'MIT-TM', an_sources: ['JQ346808.1'], comment: automated insertion from missing_dbxref_GeneID best feature
2025-06-27 19:27:56,214 - DEBUG - Adding rna-tRNA-Met-2 with label 'MIT-TM', an_sources: ['HE983611.1'], comment: automated insertion from missing_dbxref_GeneID best feature
2025-06-27 19:27:56,218 - DEBUG - Adding rna-KX657746.1:13018..13091 with label 'MIT-TM', an_sources: ['KX657746.1'], comment: automated insertion from missing_dbxref_GeneID best feature
2025-06-27 19:27:56,223 - DEBUG - Adding rna-AFUA_m0370 with label 'MIT-TM', an_sources: ['JQ346808.1'], comment: automated insertion from missing_dbxref_GeneID best feature
2025-06-27 19:27:56,227 - DEBUG - Adding rna-tRNA-Met with label 'MIT-TM', an_sources: ['HE983611.1'], comment: automated insertion from missing_dbxref_GeneID best feature
2025-06-27 19:27:56,229 - DEBUG - Adding rna-AFUA_m0340 with label 'MIT-TF', an_sources: ['JQ346808.1'], comment: automated insertion from missing_dbxref_GeneID best feature
2025-06-27 19:27:56,241 - DEBUG - Adding rna-KX657746.1:17753..17824 with label 'MIT-TF', an_sources: ['KX657746.1'], comment: automated insertion from missing_dbxref_GeneID best feature
2025-06-27 19:27:56,246 - DEBUG - Adding rna-tRNA-Phe with label 'MIT-TF', an_sources: ['HE983611.1'], comment: automated insertion from missing_dbxref_GeneID best feature
2025-06-27 19:27:56,254 - DEBUG - Adding rna-KX657746.1:32002..32073 with label 'MIT-TP', an_sources: ['KX657746.1'], comment: automated insertion from missing_dbxref_GeneID best feature
2025-06-27 19:27:56,256 - DEBUG - Adding rna-tRNA-Pro with label 'MIT-TP', an_sources: ['HE983611.1'], comment: automated insertion from missing_dbxref_GeneID best feature
2025-06-27 19:27:56,258 - DEBUG - Adding rna-AFUA_m0240 with label 'MIT-TP', an_sources: ['JQ346808.1'], comment: automated insertion from missing_dbxref_GeneID best feature
2025-06-27 19:27:56,259 - DEBUG - Adding rna-AFUA_m0210 with label 'MIT-TSEC', an_sources: ['JQ346808.1'], comment: automated insertion from missing_dbxref_GeneID best feature
2025-06-27 19:27:56,261 - DEBUG - Adding rna-tRNA-Ser with label 'MIT-TS1|2', an_sources: ['HE983611.1'], comment: automated insertion from missing_dbxref_GeneID best feature
2025-06-27 19:27:56,264 - DEBUG - Adding rna-tRNA-Ser-2 with label 'MIT-TS1|2', an_sources: ['HE983611.1'], comment: automated insertion from missing_dbxref_GeneID best feature
2025-06-27 19:27:56,269 - DEBUG - Adding rna-KX657746.1:62808..62894 with label 'MIT-TS1|2', an_sources: ['KX657746.1'], comment: automated insertion from missing_dbxref_GeneID best feature
2025-06-27 19:27:56,270 - DEBUG - Adding rna-KX657746.1:10110..10192 with label 'MIT-TS1|2', an_sources: ['KX657746.1'], comment: automated insertion from missing_dbxref_GeneID best feature
2025-06-27 19:27:56,271 - DEBUG - Adding rna-AFUA_m0230 with label 'MIT-TS1|2', an_sources: ['JQ346808.1'], comment: automated insertion from missing_dbxref_GeneID best feature
2025-06-27 19:27:56,272 - DEBUG - Adding rna-AFUA_m0200 with label 'MIT-TS1|2', an_sources: ['JQ346808.1'], comment: automated insertion from missing_dbxref_GeneID best feature
2025-06-27 19:27:56,274 - DEBUG - Adding rna-KX657746.1:4702..4774 with label 'MIT-TT', an_sources: ['KX657746.1'], comment: automated insertion from missing_dbxref_GeneID best feature
2025-06-27 19:27:56,275 - DEBUG - Adding rna-KX657746.1:18120..18191 with label 'MIT-TT', an_sources: ['KX657746.1'], comment: automated insertion from missing_dbxref_GeneID best feature
2025-06-27 19:27:56,276 - DEBUG - Adding rna-tRNA-Thr with label 'MIT-TT', an_sources: ['HE983611.1'], comment: automated insertion from missing_dbxref_GeneID best feature
2025-06-27 19:27:56,277 - DEBUG - Adding rna-AFUA_m0270 with label 'MIT-TT', an_sources: ['JQ346808.1'], comment: automated insertion from missing_dbxref_GeneID best feature
2025-06-27 19:27:56,278 - DEBUG - Adding rna-tRNA-Trp with label 'MIT-TW', an_sources: ['HE983611.1'], comment: automated insertion from missing_dbxref_GeneID best feature
2025-06-27 19:27:56,281 - DEBUG - Adding rna-KX657746.1:68113..68183 with label 'MIT-TW', an_sources: ['KX657746.1'], comment: automated insertion from missing_dbxref_GeneID best feature
2025-06-27 19:27:56,282 - DEBUG - Adding rna-tRNA-Tyr with label 'MIT-TY', an_sources: ['HE983611.1'], comment: automated insertion from missing_dbxref_GeneID best feature
2025-06-27 19:27:56,283 - DEBUG - Adding rna-KX657746.1:11879..11963 with label 'MIT-TY', an_sources: ['KX657746.1'], comment: automated insertion from missing_dbxref_GeneID best feature
2025-06-27 19:27:56,285 - DEBUG - Adding rna-AFUA_m0130 with label 'MIT-TY', an_sources: ['JQ346808.1'], comment: automated insertion from missing_dbxref_GeneID best feature
2025-06-27 19:27:56,287 - DEBUG - Adding rna-AFUA_m0290 with label 'MIT-TV', an_sources: ['JQ346808.1'], comment: automated insertion from missing_dbxref_GeneID best feature
2025-06-27 19:27:56,288 - DEBUG - Adding rna-KX657746.1:19056..19128 with label 'MIT-TV', an_sources: ['KX657746.1'], comment: automated insertion from missing_dbxref_GeneID best feature
2025-06-27 19:27:56,289 - DEBUG - Adding rna-tRNA-Val with label 'MIT-TV', an_sources: ['HE983611.1'], comment: automated insertion from missing_dbxref_GeneID best feature
2025-06-27 19:27:56,290 - DEBUG - Adding gene-KX657746.1:11127..11199 with label 'MIT-TA', an_sources: ['KX657746.1'], comment: automated insertion from missing_dbxref_GeneID best feature
2025-06-27 19:27:56,292 - DEBUG - Adding gene-KX657746.1:5392..5464 with label 'MIT-TC', an_sources: ['KX657746.1'], comment: automated insertion from missing_dbxref_GeneID best feature
2025-06-27 19:27:56,294 - DEBUG - Adding gene-KX657746.1:9037..9108 with label 'MIT-TD', an_sources: ['KX657746.1'], comment: automated insertion from missing_dbxref_GeneID best feature
2025-06-27 19:27:56,295 - DEBUG - Adding gene-KX657746.1:49884..49955 with label 'MIT-TE', an_sources: ['KX657746.1'], comment: automated insertion from missing_dbxref_GeneID best feature
2025-06-27 19:27:56,299 - DEBUG - Adding gene-KX657746.1:17753..17824 with label 'MIT-TF', an_sources: ['KX657746.1'], comment: automated insertion from missing_dbxref_GeneID best feature
2025-06-27 19:27:56,300 - DEBUG - Adding gene-KX657746.1:7877..7948 with label 'MIT-TG', an_sources: ['KX657746.1'], comment: automated insertion from missing_dbxref_GeneID best feature
2025-06-27 19:27:56,302 - DEBUG - Adding gene-KX657746.1:5503..5573 with label 'MIT-TH', an_sources: ['KX657746.1'], comment: automated insertion from missing_dbxref_GeneID best feature
2025-06-27 19:27:56,303 - DEBUG - Adding gene-KX657746.1:11325..11397 with label 'MIT-TI', an_sources: ['KX657746.1'], comment: automated insertion from missing_dbxref_GeneID best feature
2025-06-27 19:27:56,304 - DEBUG - Adding gene-KX657746.1:7294..7365 with label 'MIT-TK', an_sources: ['KX657746.1'], comment: automated insertion from missing_dbxref_GeneID best feature
2025-06-27 19:27:56,305 - DEBUG - Adding gene-KX657746.1:6326..6407 with label 'MIT-TL1|2', an_sources: ['KX657746.1'], comment: automated insertion from missing_dbxref_GeneID best feature
2025-06-27 19:27:56,306 - DEBUG - Adding gene-KX657746.1:13018..13091 with label 'MIT-TM', an_sources: ['KX657746.1'], comment: automated insertion from missing_dbxref_GeneID best feature
2025-06-27 19:27:56,309 - DEBUG - Adding gene-KX657746.1:12478..12549 with label 'MIT-TN', an_sources: ['KX657746.1'], comment: automated insertion from missing_dbxref_GeneID best feature
2025-06-27 19:27:56,310 - DEBUG - Adding gene-KX657746.1:32002..32073 with label 'MIT-TP', an_sources: ['KX657746.1'], comment: automated insertion from missing_dbxref_GeneID best feature
2025-06-27 19:27:56,312 - DEBUG - Adding gene-KX657746.1:6429..6501 with label 'MIT-TQ', an_sources: ['KX657746.1'], comment: automated insertion from missing_dbxref_GeneID best feature
2025-06-27 19:27:56,313 - DEBUG - Adding gene-KX657746.1:7667..7739 with label 'MIT-TR', an_sources: ['KX657746.1'], comment: automated insertion from missing_dbxref_GeneID best feature
2025-06-27 19:27:56,314 - DEBUG - Adding gene-KX657746.1:10202..10272 with label 'MIT-TR', an_sources: ['KX657746.1'], comment: automated insertion from missing_dbxref_GeneID best feature
2025-06-27 19:27:56,314 - DEBUG - Adding gene-KX657746.1:62808..62894 with label 'MIT-TS1|2', an_sources: ['KX657746.1'], comment: automated insertion from missing_dbxref_GeneID best feature
2025-06-27 19:27:56,315 - DEBUG - Adding gene-KX657746.1:10110..10192 with label 'MIT-TS1|2', an_sources: ['KX657746.1'], comment: automated insertion from missing_dbxref_GeneID best feature
2025-06-27 19:27:56,317 - DEBUG - Adding gene-KX657746.1:18120..18191 with label 'MIT-TT', an_sources: ['KX657746.1'], comment: automated insertion from missing_dbxref_GeneID best feature
2025-06-27 19:27:56,319 - DEBUG - Adding gene-KX657746.1:4702..4774 with label 'MIT-TT', an_sources: ['KX657746.1'], comment: automated insertion from missing_dbxref_GeneID best feature
2025-06-27 19:27:56,320 - DEBUG - Adding gene-KX657746.1:19056..19128 with label 'MIT-TV', an_sources: ['KX657746.1'], comment: automated insertion from missing_dbxref_GeneID best feature
2025-06-27 19:27:56,321 - DEBUG - Adding gene-KX657746.1:68113..68183 with label 'MIT-TW', an_sources: ['KX657746.1'], comment: automated insertion from missing_dbxref_GeneID best feature
2025-06-27 19:27:56,322 - DEBUG - Adding gene-KX657746.1:11879..11963 with label 'MIT-TY', an_sources: ['KX657746.1'], comment: automated insertion from missing_dbxref_GeneID best feature
2025-06-27 19:27:56,323 - DEBUG - Adding gene-KX657746.1:30593..30665 with label 'MIT-TM', an_sources: ['KX657746.1'], comment: automated insertion from missing_dbxref_GeneID best feature
2025-06-27 19:27:56,331 - DEBUG - Adding gene-var1 with label 'MIT-VAR1', an_sources: ['HE983611.1'], comment: automated insertion from missing_dbxref_GeneID best feature
2025-06-27 19:27:56,333 - INFO -  ---- [Finished 'Automated insertion of gene_ids with known features from features_info.tsv'] ----
2025-06-27 19:28:02,004 - INFO - Writing GeneDict to /home/brenodupin/matheus/gdt/example/fungi_mit/misc/gdt/Fungi_mit_pilot_05.gdict | Iteration: 5
2025-06-27 19:28:02,014 - INFO - Fungi_mit_pilot_05.gdict was created in misc/gdt!
2025-06-27 19:28:02,015 - INFO - You must now add it to newest_gdict_file in the Setup cell, and rerun the cell
2025-06-27 19:30:55,685 - INFO - GeneDict loaded from Fungi_mit_pilot_05.gdict
2025-06-27 19:30:55,686 - DEBUG - path: /home/brenodupin/matheus/gdt/example/fungi_mit/misc/gdt/Fungi_mit_pilot_05.gdict
2025-06-27 19:30:55,687 - INFO - Header:
2025-06-27 19:30:55,687 - INFO - 	version 0.0.2
2025-06-27 19:30:55,688 - INFO - 	Fungi_mit
2025-06-27 19:30:55,689 - INFO - 	2025-04-09 17:54 - Conversion from gdt to gdt2
2025-06-27 19:30:55,690 - INFO - 	2025-06-27 17:56 - Stripped GDICT version from original GDICT file
2025-06-27 19:30:55,690 - INFO - 	2025-06-27 17:56 - Labels removed
2025-06-27 19:30:55,690 - INFO - 	2025-06-27 17:56 - Labels renamed
2025-06-27 19:30:55,691 - INFO - 	2025-06-27 18:41 - Data added from 'AN_missing_gene_dict parsing gene= + NCBI Description'
2025-06-27 19:30:55,691 - INFO - 	2025-06-27 18:56 - Data added from 'AN_missing_gene_dict parsing NCBI Gene Symbol'
2025-06-27 19:30:55,692 - INFO - 	2025-06-27 19:28 - Data added from 'Automated insertion of gene_ids with known features from features_info.tsv'
2025-06-27 19:30:55,692 - INFO - GDT Info:
2025-06-27 19:30:55,693 - INFO - 	Labels: 57
2025-06-27 19:30:55,693 - INFO - 	Total Entries   : 1462
2025-06-27 19:30:55,694 - INFO - 	GeneDescriptions: 541
2025-06-27 19:30:55,694 - INFO - 	GeneGenerics    : 645
2025-06-27 19:30:55,695 - INFO - 	DbxrefGeneIDs   : 276
2025-06-27 19:31:00,243 - INFO -  ---- [Starting 'AN_missing_dbxref_GeneID matching 'child + parent' best feature pair'] ----
2025-06-27 19:31:00,244 - DEBUG - AN: JQ346808.1| gene_ids: ['gene-AFUA_m0010', 'gene-AFUA_m0020', 'gene-AFUA_m0030', 'gene-AFUA_m0040', 'gene-AFUA_m0050', 'gene-AFUA_m0060', 'gene-AFUA_m0070', 'gene-AFUA_m0080', 'gene-AFUA_m0090', 'gene-AFUA_m0100', 'gene-AFUA_m0110', 'gene-AFUA_m0120', 'gene-AFUA_m0130', 'gene-AFUA_m0140', 'gene-AFUA_m0150', 'gene-AFUA_m0160', 'gene-AFUA_m0170', 'gene-AFUA_m0180', 'gene-AFUA_m0190', 'gene-AFUA_m0200', 'gene-AFUA_m0210', 'gene-AFUA_m0220', 'gene-AFUA_m0230', 'gene-AFUA_m0240', 'gene-AFUA_m0250', 'gene-AFUA_m0260', 'gene-AFUA_m0270', 'gene-AFUA_m0280', 'gene-AFUA_m0290', 'gene-AFUA_m0300', 'gene-AFUA_m0310', 'gene-AFUA_m0320', 'gene-AFUA_m0330', 'gene-AFUA_m0340', 'gene-AFUA_m0350', 'gene-AFUA_m0360', 'gene-AFUA_m0370', 'gene-AFUA_m0380', 'gene-AFUA_m0390', 'gene-AFUA_m0400', 'gene-AFUA_m0410', 'gene-AFUA_m0420', 'gene-AFUA_m0430', 'gene-AFUA_m0440', 'gene-AFUA_m0450', 'gene-AFUA_m0460', 'gene-AFUA_m0470', 'gene-AFUA_m0480', 'gene-AFUA_m0490', 'gene-AFUA_m0500', 'gene-AFUA_m0510', 'gene-AFUA_m0520', 'gene-AFUA_m0530']
2025-06-27 19:31:00,261 - DEBUG -  gene_id: gene-AFUA_m0010 | number of candidates: 1
2025-06-27 19:31:00,262 - DEBUG -   chosen best_feature: cytochrome b
2025-06-27 19:31:00,264 - DEBUG - 	t: CDS | bf: cytochrome b | a: ID=cds-AFE02850.1;Parent=gene-AFUA_m0010;Dbxref=NCBI_GP:AFE02850.1;Name=AFE02850.1;gbkey=CDS;locus_tag=AFUA_m0010;product=cytochrome b;protein_id=AFE02850.1;transl_table=4
2025-06-27 19:31:00,264 - DEBUG -   best_feature in gene_dict, label: MIT-CYB

2025-06-27 19:31:00,266 - DEBUG -  gene_id: gene-AFUA_m0020 | number of candidates: 1
2025-06-27 19:31:00,268 - DEBUG -   chosen best_feature: tRNA-Cys
2025-06-27 19:31:00,269 - DEBUG - 	t: tRNA | bf: tRNA-Cys | a: ID=rna-AFUA_m0020;Parent=gene-AFUA_m0020;Note=anticodon GCA;gbkey=tRNA;locus_tag=AFUA_m0020;product=tRNA-Cys
2025-06-27 19:31:00,269 - DEBUG -   best_feature in gene_dict, label: MIT-TC

2025-06-27 19:31:00,271 - DEBUG -  gene_id: gene-AFUA_m0030 | number of candidates: 1
2025-06-27 19:31:00,272 - DEBUG -   chosen best_feature: tRNA-Asn
2025-06-27 19:31:00,275 - DEBUG - 	t: tRNA | bf: tRNA-Asn | a: ID=rna-AFUA_m0030;Parent=gene-AFUA_m0030;Note=anticodon ATT;gbkey=tRNA;locus_tag=AFUA_m0030;product=tRNA-Asn
2025-06-27 19:31:00,276 - DEBUG -   best_feature in gene_dict, label: MIT-TN

2025-06-27 19:31:00,277 - DEBUG -  gene_id: gene-AFUA_m0040 | number of candidates: 1
2025-06-27 19:31:00,278 - DEBUG -   chosen best_feature: NADH dehydrogenase subunit 1
2025-06-27 19:31:00,279 - DEBUG - 	t: CDS | bf: NADH dehydrogenase subunit 1 | a: ID=cds-AFE02851.1;Parent=gene-AFUA_m0040;Dbxref=NCBI_GP:AFE02851.1;Name=AFE02851.1;gbkey=CDS;locus_tag=AFUA_m0040;product=NADH dehydrogenase subunit 1;protein_id=AFE02851.1;transl_table=4
2025-06-27 19:31:00,280 - DEBUG -   best_feature in gene_dict, label: MIT-ND1

2025-06-27 19:31:00,281 - DEBUG -  gene_id: gene-AFUA_m0050 | number of candidates: 1
2025-06-27 19:31:00,282 - DEBUG -   chosen best_feature: tRNA-Ile
2025-06-27 19:31:00,283 - DEBUG - 	t: tRNA | bf: tRNA-Ile | a: ID=rna-AFUA_m0050;Parent=gene-AFUA_m0050;Note=anticodon TAT;gbkey=tRNA;locus_tag=AFUA_m0050;product=tRNA-Ile
2025-06-27 19:31:00,284 - DEBUG -   best_feature in gene_dict, label: MIT-TI

2025-06-27 19:31:00,285 - DEBUG -  gene_id: gene-AFUA_m0060 | number of candidates: 1
2025-06-27 19:31:00,285 - DEBUG -   chosen best_feature: NADH dehydrogenase subunit 4
2025-06-27 19:31:00,287 - DEBUG - 	t: CDS | bf: NADH dehydrogenase subunit 4 | a: ID=cds-AFE02852.1;Parent=gene-AFUA_m0060;Dbxref=NCBI_GP:AFE02852.1;Name=AFE02852.1;gbkey=CDS;locus_tag=AFUA_m0060;product=NADH dehydrogenase subunit 4;protein_id=AFE02852.1;transl_table=4
2025-06-27 19:31:00,287 - DEBUG -   best_feature in gene_dict, label: MIT-ND4

2025-06-27 19:31:00,289 - DEBUG -  gene_id: gene-AFUA_m0070 | number of candidates: 1
2025-06-27 19:31:00,289 - DEBUG -   chosen best_feature: tRNA-Arg
2025-06-27 19:31:00,291 - DEBUG - 	t: tRNA | bf: tRNA-Arg | a: ID=rna-AFUA_m0070;Parent=gene-AFUA_m0070;Note=anticodon TCT;gbkey=tRNA;locus_tag=AFUA_m0070;product=tRNA-Arg
2025-06-27 19:31:00,292 - DEBUG -   best_feature in gene_dict, label: MIT-TR

2025-06-27 19:31:00,293 - DEBUG -  gene_id: gene-AFUA_m0080 | number of candidates: 1
2025-06-27 19:31:00,294 - DEBUG -   chosen best_feature: tRNA-Asn
2025-06-27 19:31:00,296 - DEBUG - 	t: tRNA | bf: tRNA-Asn | a: ID=rna-AFUA_m0080;Parent=gene-AFUA_m0080;Note=anticodon GTT;gbkey=tRNA;locus_tag=AFUA_m0080;product=tRNA-Asn
2025-06-27 19:31:00,296 - DEBUG -   best_feature in gene_dict, label: MIT-TN

2025-06-27 19:31:00,297 - DEBUG -  gene_id: gene-AFUA_m0090 | number of candidates: 1
2025-06-27 19:31:00,298 - DEBUG -   chosen best_feature: ATP synthase subunit 8
2025-06-27 19:31:00,300 - DEBUG - 	t: CDS | bf: ATP synthase subunit 8 | a: ID=cds-AFE02853.1;Parent=gene-AFUA_m0090;Dbxref=NCBI_GP:AFE02853.1;Name=AFE02853.1;gbkey=CDS;locus_tag=AFUA_m0090;product=ATP synthase subunit 8;protein_id=AFE02853.1;transl_table=4
2025-06-27 19:31:00,301 - DEBUG -   best_feature in gene_dict, label: MIT-ATP8

2025-06-27 19:31:00,302 - DEBUG -  gene_id: gene-AFUA_m0100 | number of candidates: 1
2025-06-27 19:31:00,303 - DEBUG -   chosen best_feature: tRNA-Ile
2025-06-27 19:31:00,305 - DEBUG - 	t: tRNA | bf: tRNA-Ile | a: ID=rna-AFUA_m0100;Parent=gene-AFUA_m0100;Note=anticodon TAT;gbkey=tRNA;locus_tag=AFUA_m0100;product=tRNA-Ile
2025-06-27 19:31:00,306 - DEBUG -   best_feature in gene_dict, label: MIT-TI

2025-06-27 19:31:00,307 - DEBUG -  gene_id: gene-AFUA_m0110 | number of candidates: 1
2025-06-27 19:31:00,309 - DEBUG -   chosen best_feature: ATP synthase subunit 6
2025-06-27 19:31:00,312 - DEBUG - 	t: CDS | bf: ATP synthase subunit 6 | a: ID=cds-AFE02854.1;Parent=gene-AFUA_m0110;Dbxref=NCBI_GP:AFE02854.1;Name=AFE02854.1;gbkey=CDS;locus_tag=AFUA_m0110;product=ATP synthase subunit 6;protein_id=AFE02854.1;transl_table=4
2025-06-27 19:31:00,313 - DEBUG -   best_feature in gene_dict, label: MIT-ATP6

2025-06-27 19:31:00,314 - DEBUG -  gene_id: gene-AFUA_m0120 | number of candidates: 1
2025-06-27 19:31:00,315 - DEBUG -   chosen best_feature: small subunit ribosomal RNA
2025-06-27 19:31:00,318 - DEBUG - 	t: rRNA | bf: small subunit ribosomal RNA | a: ID=rna-AFUA_m0120;Parent=gene-AFUA_m0120;gbkey=rRNA;locus_tag=AFUA_m0120;product=small subunit ribosomal RNA
2025-06-27 19:31:00,318 - DEBUG -   best_feature in gene_dict, label: MIT-RNRS

2025-06-27 19:31:00,324 - DEBUG -  gene_id: gene-AFUA_m0130 | number of candidates: 1
2025-06-27 19:31:00,325 - DEBUG -   chosen best_feature: tRNA-Tyr
2025-06-27 19:31:00,327 - DEBUG - 	t: tRNA | bf: tRNA-Tyr | a: ID=rna-AFUA_m0130;Parent=gene-AFUA_m0130;Note=anticodon GTA;gbkey=tRNA;locus_tag=AFUA_m0130;product=tRNA-Tyr
2025-06-27 19:31:00,327 - DEBUG -   best_feature in gene_dict, label: MIT-TY

2025-06-27 19:31:00,328 - DEBUG -  gene_id: gene-AFUA_m0140 | number of candidates: 1
2025-06-27 19:31:00,330 - DEBUG -   chosen best_feature: NADH dehydrogenase subunit 6
2025-06-27 19:31:00,331 - DEBUG - 	t: CDS | bf: NADH dehydrogenase subunit 6 | a: ID=cds-AFE02855.1;Parent=gene-AFUA_m0140;Dbxref=NCBI_GP:AFE02855.1;Name=AFE02855.1;gbkey=CDS;locus_tag=AFUA_m0140;product=NADH dehydrogenase subunit 6;protein_id=AFE02855.1;transl_table=4
2025-06-27 19:31:00,332 - DEBUG -   best_feature in gene_dict, label: MIT-ND6

2025-06-27 19:31:00,333 - DEBUG -  gene_id: gene-AFUA_m0150 | number of candidates: 1
2025-06-27 19:31:00,336 - DEBUG -   chosen best_feature: cytochrome oxidase subunit 3
2025-06-27 19:31:00,337 - DEBUG - 	t: CDS | bf: cytochrome oxidase subunit 3 | a: ID=cds-AFE02856.1;Parent=gene-AFUA_m0150;Dbxref=NCBI_GP:AFE02856.1;Name=AFE02856.1;gbkey=CDS;locus_tag=AFUA_m0150;product=cytochrome oxidase subunit 3;protein_id=AFE02856.1;transl_table=4
2025-06-27 19:31:00,339 - DEBUG -   best_feature in gene_dict, label: MIT-CO3

2025-06-27 19:31:00,343 - DEBUG -  gene_id: gene-AFUA_m0160 | number of candidates: 1
2025-06-27 19:31:00,343 - DEBUG -   chosen best_feature: tRNA-Lys
2025-06-27 19:31:00,345 - DEBUG - 	t: tRNA | bf: tRNA-Lys | a: ID=rna-AFUA_m0160;Parent=gene-AFUA_m0160;Note=anticodon TTT;gbkey=tRNA;locus_tag=AFUA_m0160;product=tRNA-Lys
2025-06-27 19:31:00,345 - DEBUG -   best_feature in gene_dict, label: MIT-TK

2025-06-27 19:31:00,346 - DEBUG -  gene_id: gene-AFUA_m0170 | number of candidates: 1
2025-06-27 19:31:00,346 - DEBUG -   chosen best_feature: tRNA-Gly
2025-06-27 19:31:00,348 - DEBUG - 	t: tRNA | bf: tRNA-Gly | a: ID=rna-AFUA_m0170;Parent=gene-AFUA_m0170;Note=anticodon ACC;gbkey=tRNA;locus_tag=AFUA_m0170;product=tRNA-Gly
2025-06-27 19:31:00,349 - DEBUG -   best_feature in gene_dict, label: MIT-TG

2025-06-27 19:31:00,353 - DEBUG -  gene_id: gene-AFUA_m0180 | number of candidates: 1
2025-06-27 19:31:00,355 - DEBUG -   chosen best_feature: tRNA-Gly
2025-06-27 19:31:00,356 - DEBUG - 	t: tRNA | bf: tRNA-Gly | a: ID=rna-AFUA_m0180;Parent=gene-AFUA_m0180;Note=anticodon TCC;gbkey=tRNA;locus_tag=AFUA_m0180;product=tRNA-Gly
2025-06-27 19:31:00,357 - DEBUG -   best_feature in gene_dict, label: MIT-TG

2025-06-27 19:31:00,358 - DEBUG -  gene_id: gene-AFUA_m0190 | number of candidates: 1
2025-06-27 19:31:00,363 - DEBUG -   chosen best_feature: tRNA-Asp
2025-06-27 19:31:00,365 - DEBUG - 	t: tRNA | bf: tRNA-Asp | a: ID=rna-AFUA_m0190;Parent=gene-AFUA_m0190;Note=anticodon GTC;gbkey=tRNA;locus_tag=AFUA_m0190;product=tRNA-Asp
2025-06-27 19:31:00,366 - DEBUG -   best_feature in gene_dict, label: MIT-TD

2025-06-27 19:31:00,368 - DEBUG -  gene_id: gene-AFUA_m0200 | number of candidates: 1
2025-06-27 19:31:00,369 - DEBUG -   chosen best_feature: tRNA-Ser
2025-06-27 19:31:00,371 - DEBUG - 	t: tRNA | bf: tRNA-Ser | a: ID=rna-AFUA_m0200;Parent=gene-AFUA_m0200;Note=anticodon GCT;gbkey=tRNA;locus_tag=AFUA_m0200;product=tRNA-Ser
2025-06-27 19:31:00,372 - DEBUG -   best_feature in gene_dict, label: MIT-TS1|2

2025-06-27 19:31:00,374 - DEBUG -  gene_id: gene-AFUA_m0210 | number of candidates: 1
2025-06-27 19:31:00,374 - DEBUG -   chosen best_feature: tRNA-Sec
2025-06-27 19:31:00,375 - DEBUG - 	t: tRNA | bf: tRNA-Sec | a: ID=rna-AFUA_m0210;Parent=gene-AFUA_m0210;Note=anticodon TCA;gbkey=tRNA;locus_tag=AFUA_m0210;product=tRNA-Sec
2025-06-27 19:31:00,376 - DEBUG -   best_feature in gene_dict, label: MIT-TSEC

2025-06-27 19:31:00,378 - DEBUG -  gene_id: gene-AFUA_m0220 | number of candidates: 1
2025-06-27 19:31:00,378 - DEBUG -   chosen best_feature: tRNA-Ile
2025-06-27 19:31:00,380 - DEBUG - 	t: tRNA | bf: tRNA-Ile | a: ID=rna-AFUA_m0220;Parent=gene-AFUA_m0220;Note=anticodon GAT;gbkey=tRNA;locus_tag=AFUA_m0220;product=tRNA-Ile
2025-06-27 19:31:00,380 - DEBUG -   best_feature in gene_dict, label: MIT-TI

2025-06-27 19:31:00,384 - DEBUG -  gene_id: gene-AFUA_m0230 | number of candidates: 1
2025-06-27 19:31:00,385 - DEBUG -   chosen best_feature: tRNA-Ser
2025-06-27 19:31:00,386 - DEBUG - 	t: tRNA | bf: tRNA-Ser | a: ID=rna-AFUA_m0230;Parent=gene-AFUA_m0230;Note=anticodon TGA;gbkey=tRNA;locus_tag=AFUA_m0230;product=tRNA-Ser
2025-06-27 19:31:00,387 - DEBUG -   best_feature in gene_dict, label: MIT-TS1|2

2025-06-27 19:31:00,388 - DEBUG -  gene_id: gene-AFUA_m0240 | number of candidates: 1
2025-06-27 19:31:00,390 - DEBUG -   chosen best_feature: tRNA-Pro
2025-06-27 19:31:00,391 - DEBUG - 	t: tRNA | bf: tRNA-Pro | a: ID=rna-AFUA_m0240;Parent=gene-AFUA_m0240;Note=anticodon TGG;gbkey=tRNA;locus_tag=AFUA_m0240;product=tRNA-Pro
2025-06-27 19:31:00,392 - DEBUG -   best_feature in gene_dict, label: MIT-TP

2025-06-27 19:31:00,394 - DEBUG -  gene_id: gene-AFUA_m0250 | number of candidates: 1
2025-06-27 19:31:00,395 - DEBUG -   chosen best_feature: large subunit ribosomal RNA
2025-06-27 19:31:00,396 - DEBUG - 	t: rRNA | bf: large subunit ribosomal RNA | a: ID=rna-AFUA_m0250;Parent=gene-AFUA_m0250;gbkey=rRNA;locus_tag=AFUA_m0250;product=large subunit ribosomal RNA
2025-06-27 19:31:00,397 - DEBUG -   best_feature in gene_dict, label: MIT-RNRL

2025-06-27 19:31:00,398 - DEBUG -  gene_id: gene-AFUA_m0260 | number of candidates: 1
2025-06-27 19:31:00,400 - DEBUG -   chosen best_feature: ribosomal protein S5
2025-06-27 19:31:00,401 - DEBUG - 	t: CDS | bf: ribosomal protein S5 | a: ID=cds-AFE02857.1;Parent=gene-AFUA_m0260;Dbxref=NCBI_GP:AFE02857.1;Name=AFE02857.1;gbkey=CDS;locus_tag=AFUA_m0260;product=ribosomal protein S5;protein_id=AFE02857.1;transl_table=4
2025-06-27 19:31:00,402 - DEBUG -   best_feature in gene_dict, label: MIT-RPS5

2025-06-27 19:31:00,403 - DEBUG -  gene_id: gene-AFUA_m0270 | number of candidates: 1
2025-06-27 19:31:00,403 - DEBUG -   chosen best_feature: tRNA-Thr
2025-06-27 19:31:00,405 - DEBUG - 	t: tRNA | bf: tRNA-Thr | a: ID=rna-AFUA_m0270;Parent=gene-AFUA_m0270;Note=anticodon TGT;gbkey=tRNA;locus_tag=AFUA_m0270;product=tRNA-Thr
2025-06-27 19:31:00,406 - DEBUG -   best_feature in gene_dict, label: MIT-TT

2025-06-27 19:31:00,407 - DEBUG -  gene_id: gene-AFUA_m0280 | number of candidates: 1
2025-06-27 19:31:00,408 - DEBUG -   chosen best_feature: tRNA-Glu
2025-06-27 19:31:00,409 - DEBUG - 	t: tRNA | bf: tRNA-Glu | a: ID=rna-AFUA_m0280;Parent=gene-AFUA_m0280;Note=anticodon TTC;gbkey=tRNA;locus_tag=AFUA_m0280;product=tRNA-Glu
2025-06-27 19:31:00,410 - DEBUG -   best_feature in gene_dict, label: MIT-TE

2025-06-27 19:31:00,411 - DEBUG -  gene_id: gene-AFUA_m0290 | number of candidates: 1
2025-06-27 19:31:00,411 - DEBUG -   chosen best_feature: tRNA-Val
2025-06-27 19:31:00,413 - DEBUG - 	t: tRNA | bf: tRNA-Val | a: ID=rna-AFUA_m0290;Parent=gene-AFUA_m0290;Note=anticodon TAC;gbkey=tRNA;locus_tag=AFUA_m0290;product=tRNA-Val
2025-06-27 19:31:00,413 - DEBUG -   best_feature in gene_dict, label: MIT-TV

2025-06-27 19:31:00,414 - DEBUG -  gene_id: gene-AFUA_m0300 | number of candidates: 1
2025-06-27 19:31:00,417 - DEBUG -   chosen best_feature: tRNA-Met
2025-06-27 19:31:00,419 - DEBUG - 	t: tRNA | bf: tRNA-Met | a: ID=rna-AFUA_m0300;Parent=gene-AFUA_m0300;Note=anticodon CAT;gbkey=tRNA;locus_tag=AFUA_m0300;product=tRNA-Met
2025-06-27 19:31:00,419 - DEBUG -   best_feature in gene_dict, label: MIT-TM

2025-06-27 19:31:00,421 - DEBUG -  gene_id: gene-AFUA_m0310 | number of candidates: 1
2025-06-27 19:31:00,422 - DEBUG -   chosen best_feature: tRNA-Met
2025-06-27 19:31:00,423 - DEBUG - 	t: tRNA | bf: tRNA-Met | a: ID=rna-AFUA_m0310;Parent=gene-AFUA_m0310;Note=anticodon CAT;gbkey=tRNA;locus_tag=AFUA_m0310;product=tRNA-Met
2025-06-27 19:31:00,423 - DEBUG -   best_feature in gene_dict, label: MIT-TM

2025-06-27 19:31:00,425 - DEBUG -  gene_id: gene-AFUA_m0320 | number of candidates: 1
2025-06-27 19:31:00,426 - DEBUG -   chosen best_feature: tRNA-Leu
2025-06-27 19:31:00,430 - DEBUG - 	t: tRNA | bf: tRNA-Leu | a: ID=rna-AFUA_m0320;Parent=gene-AFUA_m0320;Note=anticodon TAA;gbkey=tRNA;locus_tag=AFUA_m0320;product=tRNA-Leu
2025-06-27 19:31:00,434 - DEBUG -   best_feature in gene_dict, label: MIT-TL1|2

2025-06-27 19:31:00,435 - DEBUG -  gene_id: gene-AFUA_m0330 | number of candidates: 1
2025-06-27 19:31:00,436 - DEBUG -   chosen best_feature: tRNA-Ala
2025-06-27 19:31:00,437 - DEBUG - 	t: tRNA | bf: tRNA-Ala | a: ID=rna-AFUA_m0330;Parent=gene-AFUA_m0330;Note=anticodon TGC;gbkey=tRNA;locus_tag=AFUA_m0330;product=tRNA-Ala
2025-06-27 19:31:00,437 - DEBUG -   best_feature in gene_dict, label: MIT-TA

2025-06-27 19:31:00,438 - DEBUG -  gene_id: gene-AFUA_m0340 | number of candidates: 1
2025-06-27 19:31:00,439 - DEBUG -   chosen best_feature: tRNA-Phe
2025-06-27 19:31:00,440 - DEBUG - 	t: tRNA | bf: tRNA-Phe | a: ID=rna-AFUA_m0340;Parent=gene-AFUA_m0340;Note=anticodon GAA;gbkey=tRNA;locus_tag=AFUA_m0340;product=tRNA-Phe
2025-06-27 19:31:00,440 - DEBUG -   best_feature in gene_dict, label: MIT-TF

2025-06-27 19:31:00,441 - DEBUG -  gene_id: gene-AFUA_m0350 | number of candidates: 1
2025-06-27 19:31:00,441 - DEBUG -   chosen best_feature: tRNA-Leu
2025-06-27 19:31:00,442 - DEBUG - 	t: tRNA | bf: tRNA-Leu | a: ID=rna-AFUA_m0350;Parent=gene-AFUA_m0350;Note=anticodon TAG;gbkey=tRNA;locus_tag=AFUA_m0350;product=tRNA-Leu
2025-06-27 19:31:00,443 - DEBUG -   best_feature in gene_dict, label: MIT-TL1|2

2025-06-27 19:31:00,444 - DEBUG -  gene_id: gene-AFUA_m0360 | number of candidates: 1
2025-06-27 19:31:00,444 - DEBUG -   chosen best_feature: tRNA-Gln
2025-06-27 19:31:00,445 - DEBUG - 	t: tRNA | bf: tRNA-Gln | a: ID=rna-AFUA_m0360;Parent=gene-AFUA_m0360;Note=anticodon TTG;gbkey=tRNA;locus_tag=AFUA_m0360;product=tRNA-Gln
2025-06-27 19:31:00,446 - DEBUG -   best_feature in gene_dict, label: MIT-TQ

2025-06-27 19:31:00,447 - DEBUG -  gene_id: gene-AFUA_m0370 | number of candidates: 1
2025-06-27 19:31:00,449 - DEBUG -   chosen best_feature: tRNA-Met
2025-06-27 19:31:00,451 - DEBUG - 	t: tRNA | bf: tRNA-Met | a: ID=rna-AFUA_m0370;Parent=gene-AFUA_m0370;Note=anticodon CAT;gbkey=tRNA;locus_tag=AFUA_m0370;product=tRNA-Met
2025-06-27 19:31:00,452 - DEBUG -   best_feature in gene_dict, label: MIT-TM

2025-06-27 19:31:00,453 - DEBUG -  gene_id: gene-AFUA_m0380 | number of candidates: 1
2025-06-27 19:31:00,454 - DEBUG -   chosen best_feature: tRNA-Ile
2025-06-27 19:31:00,455 - DEBUG - 	t: tRNA | bf: tRNA-Ile | a: ID=rna-AFUA_m0380;Parent=gene-AFUA_m0380;Note=anticodon TAT;gbkey=tRNA;locus_tag=AFUA_m0380;product=tRNA-Ile
2025-06-27 19:31:00,456 - DEBUG -   best_feature in gene_dict, label: MIT-TI

2025-06-27 19:31:00,458 - DEBUG -  gene_id: gene-AFUA_m0390 | number of candidates: 1
2025-06-27 19:31:00,462 - DEBUG -   chosen best_feature: hypothetical protein
2025-06-27 19:31:00,463 - DEBUG - 	t: CDS | bf: hypothetical protein | a: ID=cds-AFE02858.1;Parent=gene-AFUA_m0390;Dbxref=NCBI_GP:AFE02858.1;Name=AFE02858.1;gbkey=CDS;locus_tag=AFUA_m0390;product=hypothetical protein;protein_id=AFE02858.1;transl_table=4
2025-06-27 19:31:00,465 - DEBUG -   best_feature not in gene_dict: hypothetical protein
2025-06-27 19:31:00,465 - DEBUG -   checking in temp_unk
2025-06-27 19:31:00,466 - DEBUG -   not found in temp_unk, new label: MIT-TEMP-1

2025-06-27 19:31:00,467 - DEBUG -  gene_id: gene-AFUA_m0400 | number of candidates: 1
2025-06-27 19:31:00,468 - DEBUG -   chosen best_feature: hypothetical protein
2025-06-27 19:31:00,471 - DEBUG - 	t: CDS | bf: hypothetical protein | a: ID=cds-AFE02859.1;Parent=gene-AFUA_m0400;Dbxref=NCBI_GP:AFE02859.1;Name=AFE02859.1;gbkey=CDS;locus_tag=AFUA_m0400;product=hypothetical protein;protein_id=AFE02859.1;transl_table=4
2025-06-27 19:31:00,472 - DEBUG -   best_feature not in gene_dict: hypothetical protein
2025-06-27 19:31:00,473 - DEBUG -   checking in temp_unk
2025-06-27 19:31:00,473 - DEBUG -   found in temp_unk, label: MIT-TEMP-1

2025-06-27 19:31:00,474 - DEBUG -  gene_id: gene-AFUA_m0410 | number of candidates: 1
2025-06-27 19:31:00,475 - DEBUG -   chosen best_feature: tRNA-His
2025-06-27 19:31:00,476 - DEBUG - 	t: tRNA | bf: tRNA-His | a: ID=rna-AFUA_m0410;Parent=gene-AFUA_m0410;Note=anticodon GTG;gbkey=tRNA;locus_tag=AFUA_m0410;product=tRNA-His
2025-06-27 19:31:00,477 - DEBUG -   best_feature in gene_dict, label: MIT-TH

2025-06-27 19:31:00,478 - DEBUG -  gene_id: gene-AFUA_m0420 | number of candidates: 2
2025-06-27 19:31:00,479 - DEBUG -   chosen best_feature: cytochrome oxidase subunit 1
2025-06-27 19:31:00,481 - DEBUG - 	t: CDS | bf: cytochrome oxidase subunit 1 | a: ID=cds-AFE02860.1;Parent=gene-AFUA_m0420;Dbxref=NCBI_GP:AFE02860.1;Name=AFE02860.1;gbkey=CDS;locus_tag=AFUA_m0420;product=cytochrome oxidase subunit 1;protein_id=AFE02860.1;transl_table=4
2025-06-27 19:31:00,481 - DEBUG - 	t: CDS | bf: cytochrome oxidase subunit 1 | a: ID=cds-AFE02860.1;Parent=gene-AFUA_m0420;Dbxref=NCBI_GP:AFE02860.1;Name=AFE02860.1;gbkey=CDS;locus_tag=AFUA_m0420;product=cytochrome oxidase subunit 1;protein_id=AFE02860.1;transl_table=4
2025-06-27 19:31:00,482 - DEBUG -   best_feature in gene_dict, label: MIT-CO1

2025-06-27 19:31:00,483 - DEBUG -  gene_id: gene-AFUA_m0430 | number of candidates: 1
2025-06-27 19:31:00,484 - DEBUG -   chosen best_feature: intron-encoded LAGLIDADG endonuclease family protein
2025-06-27 19:31:00,487 - DEBUG - 	t: CDS | bf: intron-encoded LAGLIDADG endonuclease family protein | a: ID=cds-AFE02861.1;Parent=gene-AFUA_m0430;Dbxref=NCBI_GP:AFE02861.1;Name=AFE02861.1;gbkey=CDS;locus_tag=AFUA_m0430;product=intron-encoded LAGLIDADG endonuclease family protein;protein_id=AFE02861.1;transl_table=4
2025-06-27 19:31:00,487 - DEBUG -   best_feature not in gene_dict: intron-encoded LAGLIDADG endonuclease family protein
2025-06-27 19:31:00,488 - DEBUG -   checking in temp_unk
2025-06-27 19:31:00,488 - DEBUG -   not found in temp_unk, new label: MIT-TEMP-2

2025-06-27 19:31:00,490 - DEBUG -  gene_id: gene-AFUA_m0440 | number of candidates: 1
2025-06-27 19:31:00,490 - DEBUG -   chosen best_feature: hypothetical protein
2025-06-27 19:31:00,492 - DEBUG - 	t: CDS | bf: hypothetical protein | a: ID=cds-AFE02862.1;Parent=gene-AFUA_m0440;Dbxref=NCBI_GP:AFE02862.1;Name=AFE02862.1;gbkey=CDS;locus_tag=AFUA_m0440;product=hypothetical protein;protein_id=AFE02862.1;transl_table=4
2025-06-27 19:31:00,492 - DEBUG -   best_feature not in gene_dict: hypothetical protein
2025-06-27 19:31:00,493 - DEBUG -   checking in temp_unk
2025-06-27 19:31:00,493 - DEBUG -   found in temp_unk, label: MIT-TEMP-1

2025-06-27 19:31:00,495 - DEBUG -  gene_id: gene-AFUA_m0450 | number of candidates: 1
2025-06-27 19:31:00,496 - DEBUG -   chosen best_feature: hypothetical protein
2025-06-27 19:31:00,497 - DEBUG - 	t: CDS | bf: hypothetical protein | a: ID=cds-AFE02863.1;Parent=gene-AFUA_m0450;Dbxref=NCBI_GP:AFE02863.1;Name=AFE02863.1;gbkey=CDS;locus_tag=AFUA_m0450;product=hypothetical protein;protein_id=AFE02863.1;transl_table=4
2025-06-27 19:31:00,498 - DEBUG -   best_feature not in gene_dict: hypothetical protein
2025-06-27 19:31:00,498 - DEBUG -   checking in temp_unk
2025-06-27 19:31:00,499 - DEBUG -   found in temp_unk, label: MIT-TEMP-1

2025-06-27 19:31:00,500 - DEBUG -  gene_id: gene-AFUA_m0460 | number of candidates: 1
2025-06-27 19:31:00,502 - DEBUG -   chosen best_feature: ATP synthase subunit 9
2025-06-27 19:31:00,504 - DEBUG - 	t: CDS | bf: ATP synthase subunit 9 | a: ID=cds-AFE02864.1;Parent=gene-AFUA_m0460;Dbxref=NCBI_GP:AFE02864.1;Name=AFE02864.1;gbkey=CDS;locus_tag=AFUA_m0460;product=ATP synthase subunit 9;protein_id=AFE02864.1;transl_table=4
2025-06-27 19:31:00,505 - DEBUG -   best_feature in gene_dict, label: MIT-ATP9

2025-06-27 19:31:00,507 - DEBUG -  gene_id: gene-AFUA_m0470 | number of candidates: 1
2025-06-27 19:31:00,509 - DEBUG -   chosen best_feature: tRNA-Ala
2025-06-27 19:31:00,510 - DEBUG - 	t: tRNA | bf: tRNA-Ala | a: ID=rna-AFUA_m0470;Parent=gene-AFUA_m0470;Note=anticodon TGC;gbkey=tRNA;locus_tag=AFUA_m0470;product=tRNA-Ala
2025-06-27 19:31:00,510 - DEBUG -   best_feature in gene_dict, label: MIT-TA

2025-06-27 19:31:00,511 - DEBUG -  gene_id: gene-AFUA_m0480 | number of candidates: 1
2025-06-27 19:31:00,512 - DEBUG -   chosen best_feature: NADH dehydrogenase subunit 3
2025-06-27 19:31:00,514 - DEBUG - 	t: CDS | bf: NADH dehydrogenase subunit 3 | a: ID=cds-AFE02865.1;Parent=gene-AFUA_m0480;Dbxref=NCBI_GP:AFE02865.1;Name=AFE02865.1;gbkey=CDS;locus_tag=AFUA_m0480;product=NADH dehydrogenase subunit 3;protein_id=AFE02865.1;transl_table=4
2025-06-27 19:31:00,514 - DEBUG -   best_feature in gene_dict, label: MIT-ND3

2025-06-27 19:31:00,515 - DEBUG -  gene_id: gene-AFUA_m0490 | number of candidates: 1
2025-06-27 19:31:00,516 - DEBUG -   chosen best_feature: cytochrome oxidase subunit 2
2025-06-27 19:31:00,517 - DEBUG - 	t: CDS | bf: cytochrome oxidase subunit 2 | a: ID=cds-AFE02866.1;Parent=gene-AFUA_m0490;Dbxref=NCBI_GP:AFE02866.1;Name=AFE02866.1;gbkey=CDS;locus_tag=AFUA_m0490;product=cytochrome oxidase subunit 2;protein_id=AFE02866.1;transl_table=4
2025-06-27 19:31:00,517 - DEBUG -   best_feature in gene_dict, label: MIT-CO2

2025-06-27 19:31:00,518 - DEBUG -  gene_id: gene-AFUA_m0500 | number of candidates: 1
2025-06-27 19:31:00,519 - DEBUG -   chosen best_feature: tRNA-Arg
2025-06-27 19:31:00,520 - DEBUG - 	t: tRNA | bf: tRNA-Arg | a: ID=rna-AFUA_m0500;Parent=gene-AFUA_m0500;Note=anticodon ACG;gbkey=tRNA;locus_tag=AFUA_m0500;product=tRNA-Arg
2025-06-27 19:31:00,521 - DEBUG -   best_feature in gene_dict, label: MIT-TR

2025-06-27 19:31:00,522 - DEBUG -  gene_id: gene-AFUA_m0510 | number of candidates: 1
2025-06-27 19:31:00,522 - DEBUG -   chosen best_feature: NADH dehydrogenase subunit 4L
2025-06-27 19:31:00,524 - DEBUG - 	t: CDS | bf: NADH dehydrogenase subunit 4L | a: ID=cds-AFE02867.1;Parent=gene-AFUA_m0510;Dbxref=NCBI_GP:AFE02867.1;Name=AFE02867.1;gbkey=CDS;locus_tag=AFUA_m0510;product=NADH dehydrogenase subunit 4L;protein_id=AFE02867.1;transl_table=4
2025-06-27 19:31:00,524 - DEBUG -   best_feature in gene_dict, label: MIT-ND4L

2025-06-27 19:31:00,525 - DEBUG -  gene_id: gene-AFUA_m0520 | number of candidates: 1
2025-06-27 19:31:00,526 - DEBUG -   chosen best_feature: NADH dehydrogenase subunit 5
2025-06-27 19:31:00,527 - DEBUG - 	t: CDS | bf: NADH dehydrogenase subunit 5 | a: ID=cds-AFE02868.1;Parent=gene-AFUA_m0520;Dbxref=NCBI_GP:AFE02868.1;Name=AFE02868.1;gbkey=CDS;locus_tag=AFUA_m0520;product=NADH dehydrogenase subunit 5;protein_id=AFE02868.1;transl_table=4
2025-06-27 19:31:00,528 - DEBUG -   best_feature in gene_dict, label: MIT-ND5

2025-06-27 19:31:00,529 - DEBUG -  gene_id: gene-AFUA_m0530 | number of candidates: 1
2025-06-27 19:31:00,529 - DEBUG -   chosen best_feature: NADH dehydrogenase subunit 2
2025-06-27 19:31:00,532 - DEBUG - 	t: CDS | bf: NADH dehydrogenase subunit 2 | a: ID=cds-AFE02869.1;Parent=gene-AFUA_m0530;Dbxref=NCBI_GP:AFE02869.1;Name=AFE02869.1;gbkey=CDS;locus_tag=AFUA_m0530;product=NADH dehydrogenase subunit 2;protein_id=AFE02869.1;transl_table=4
2025-06-27 19:31:00,533 - DEBUG -   best_feature in gene_dict, label: MIT-ND2

2025-06-27 19:31:00,537 - DEBUG - AN: KX657746.1| gene_ids: ['gene-KX657746.1:14572..15996', 'gene-KX657746.1:52846..53595', 'gene-KX657746.1:54192..55251', 'gene-KX657746.1:39156..40082', 'gene-KX657746.1:33769..34810', 'gene-KX657746.1:36814..38126']
2025-06-27 19:31:01,056 - DEBUG -  gene_id: gene-KX657746.1:14572..15996 | number of candidates: 1
2025-06-27 19:31:01,066 - DEBUG -   chosen best_feature: Orf1p
2025-06-27 19:31:01,068 - DEBUG - 	t: CDS | bf: Orf1p | a: ID=cds-AOT85194.1;Parent=gene-KX657746.1:14572..15996;Dbxref=NCBI_GP:AOT85194.1;Name=AOT85194.1;Note=homolog to ORF1 (de Zamaroczy and Bernardi%2C 1986a);gbkey=CDS;product=Orf1p;protein_id=AOT85194.1;transl_except=(pos:14572..14574%2Caa:Met);transl_table=3
2025-06-27 19:31:01,069 - DEBUG -   best_feature not in gene_dict: Orf1p
2025-06-27 19:31:01,070 - DEBUG -   checking in temp_unk
2025-06-27 19:31:01,071 - DEBUG -   not found in temp_unk, new label: MIT-TEMP-3

2025-06-27 19:31:01,074 - DEBUG -  gene_id: gene-KX657746.1:52846..53595 | number of candidates: 1
2025-06-27 19:31:01,078 - DEBUG -   chosen best_feature: maturase/DNA endonuclease
2025-06-27 19:31:01,080 - DEBUG - 	t: CDS | bf: maturase/DNA endonuclease | a: ID=cds-AOT85203.1;Parent=gene-KX657746.1:52846..53595;Dbxref=NCBI_GP:AOT85203.1;Name=AOT85203.1;Note=start codon not determined;gbkey=CDS;partial=true;product=maturase/DNA endonuclease;protein_id=AOT85203.1;start_range=.,52846;transl_table=3
2025-06-27 19:31:01,080 - DEBUG -   best_feature not in gene_dict: maturase/DNA endonuclease
2025-06-27 19:31:01,081 - DEBUG -   checking in temp_unk
2025-06-27 19:31:01,082 - DEBUG -   not found in temp_unk, new label: MIT-TEMP-4

2025-06-27 19:31:01,082 - DEBUG -  gene_id: gene-KX657746.1:54192..55251 | number of candidates: 1
2025-06-27 19:31:01,083 - DEBUG -   chosen best_feature: hypothetical protein
2025-06-27 19:31:01,085 - DEBUG - 	t: CDS | bf: hypothetical protein | a: ID=cds-AOT85204.1;Parent=gene-KX657746.1:54192..55251;Dbxref=NCBI_GP:AOT85204.1;Name=AOT85204.1;Note=start codon not determined;gbkey=CDS;partial=true;product=hypothetical protein;protein_id=AOT85204.1;start_range=.,54192;transl_table=3
2025-06-27 19:31:01,085 - DEBUG -   best_feature not in gene_dict: hypothetical protein
2025-06-27 19:31:01,086 - DEBUG -   checking in temp_unk
2025-06-27 19:31:01,086 - DEBUG -   found in temp_unk, label: MIT-TEMP-1

2025-06-27 19:31:01,087 - DEBUG -  gene_id: gene-KX657746.1:39156..40082 | number of candidates: 1
2025-06-27 19:31:01,088 - DEBUG -   chosen best_feature: maturase/DNA endonuclease
2025-06-27 19:31:01,090 - DEBUG - 	t: CDS | bf: maturase/DNA endonuclease | a: ID=cds-AOT85199.1;Parent=gene-KX657746.1:39156..40082;Dbxref=NCBI_GP:AOT85199.1;Name=AOT85199.1;Note=start codon not determined;gbkey=CDS;partial=true;product=maturase/DNA endonuclease;protein_id=AOT85199.1;start_range=.,39156;transl_table=3
2025-06-27 19:31:01,091 - DEBUG -   best_feature not in gene_dict: maturase/DNA endonuclease
2025-06-27 19:31:01,092 - DEBUG -   checking in temp_unk
2025-06-27 19:31:01,094 - DEBUG -   found in temp_unk, label: MIT-TEMP-4

2025-06-27 19:31:01,096 - DEBUG -  gene_id: gene-KX657746.1:33769..34810 | number of candidates: 1
2025-06-27 19:31:01,097 - DEBUG -   chosen best_feature: maturase/DNA endonuclease
2025-06-27 19:31:01,098 - DEBUG - 	t: CDS | bf: maturase/DNA endonuclease | a: ID=cds-AOT85197.1;Parent=gene-KX657746.1:33769..34810;Dbxref=NCBI_GP:AOT85197.1;Name=AOT85197.1;Note=start codon not determined;gbkey=CDS;partial=true;product=maturase/DNA endonuclease;protein_id=AOT85197.1;start_range=.,33769;transl_table=3
2025-06-27 19:31:01,099 - DEBUG -   best_feature not in gene_dict: maturase/DNA endonuclease
2025-06-27 19:31:01,101 - DEBUG -   checking in temp_unk
2025-06-27 19:31:01,101 - DEBUG -   found in temp_unk, label: MIT-TEMP-4

2025-06-27 19:31:01,103 - DEBUG -  gene_id: gene-KX657746.1:36814..38126 | number of candidates: 1
2025-06-27 19:31:01,103 - DEBUG -   chosen best_feature: hypothetical protein
2025-06-27 19:31:01,104 - DEBUG - 	t: CDS | bf: hypothetical protein | a: ID=cds-AOT85198.1;Parent=gene-KX657746.1:36814..38126;Dbxref=NCBI_GP:AOT85198.1;Name=AOT85198.1;Note=start codon not determined;gbkey=CDS;partial=true;product=hypothetical protein;protein_id=AOT85198.1;start_range=.,36814;transl_table=3
2025-06-27 19:31:01,106 - DEBUG -   best_feature not in gene_dict: hypothetical protein
2025-06-27 19:31:01,107 - DEBUG -   checking in temp_unk
2025-06-27 19:31:01,107 - DEBUG -   found in temp_unk, label: MIT-TEMP-1

2025-06-27 19:31:01,109 - INFO -  ---- [Finished 'AN_missing_dbxref_GeneID matching 'child + parent' best feature pair'] ----
2025-06-27 19:31:11,705 - INFO - Writing TEMP Mapping to /home/brenodupin/matheus/gdt/example/fungi_mit/misc/gdt/TEMP_Mapping_01.gdict | Iteration: 1
2025-06-27 19:31:13,883 - INFO - Writing GeneDict to /home/brenodupin/matheus/gdt/example/fungi_mit/misc/gdt/Fungi_mit_pilot_06.gdict | pilot itr: 6
2025-06-27 19:31:13,890 - INFO - Fungi_mit_pilot_06.gdict was created in misc/gdt!
2025-06-27 19:31:13,891 - INFO - You must now add it to newest_gdict_file in the Setup cell, and rerun the cell
2025-06-27 19:33:13,118 - INFO -  ---- [Starting 'AN_missing_dbxref_GeneID excluding gene IDs from GFF3s'] ----
2025-06-27 19:33:13,136 - INFO - Processing JQ346808.1 for excluding 2 gene IDs
2025-06-27 19:33:13,137 - TRACE -  excluding gene IDs: {'gene-AFUA_m0390', 'gene-AFUA_m0430'}
2025-06-27 19:33:13,138 - TRACE - Pattern for exclusion: ID=gene-AFUA_m0390;|ID=gene-AFUA_m0430;
2025-06-27 19:33:13,140 - INFO - Processing KX657746.1 for excluding 2 gene IDs
2025-06-27 19:33:13,141 - TRACE -  excluding gene IDs: {'gene-KX657746.1:14572..15996', 'gene-KX657746.1:52846..53595'}
2025-06-27 19:33:13,142 - TRACE - Pattern for exclusion: ID=gene-KX657746.1:14572..15996;|ID=gene-KX657746.1:52846..53595;
2025-06-27 19:33:13,143 - INFO -  ---- [Finished 'AN_missing_dbxref_GeneID excluding gene IDs from GFF3s'] ----
