2025-06-11 21:07:04,763 - DEBUG - Simple log setup complete.
2025-06-11 21:07:04,764 - DEBUG - Console logging level DEBUG
2025-06-11 21:07:04,764 - DEBUG - File logging level TRACE at /home/brenodupin/matheus/gdt/example/fungi_mt/misc/01_missing_dbxref.log
2025-06-11 21:07:04,766 - DEBUG - Running from notebook AN_missing_dbxref
2025-06-11 21:07:16,253 - INFO - Found 3 ANs in /home/brenodupin/matheus/gdt/example/fungi_mt/misc/AN_missing_dbxref.txt
2025-06-11 21:07:16,254 - TRACE - ANs: ['KX657746.1', 'HE983611.1', 'JQ346808.1']
2025-06-11 21:07:19,583 - INFO - Loaded gene_dict from /home/brenodupin/matheus/gdt/example/fungi_mt/misc/gdt/fungi_mt_pilot_04.gdt
2025-06-11 21:07:19,584 - INFO - Header:
2025-06-11 21:07:19,586 - INFO - 	version 0.0.2
2025-06-11 21:07:19,586 - INFO - 	Fungi_mt
2025-06-11 21:07:19,586 - INFO - 	2025-04-09 17:54 - Conversion from gdt to gdt2
2025-06-11 21:07:19,587 - INFO - 	2025-06-05 18:11 - Stripped GDT version from original GDT file Fungi_mt.gdt
2025-06-11 21:07:19,587 - INFO - 	2025-06-11 20:37 - Data added from TEMP 01
2025-06-11 21:07:19,587 - INFO - 	2025-06-11 20:50 - Data added from TEMP Symbol 01
2025-06-11 21:07:19,588 - INFO - GDT Info:
2025-06-11 21:07:19,588 - INFO - 	Gene dictionary length: 820
2025-06-11 21:07:19,589 - INFO - 	Label: 56
2025-06-11 21:07:19,590 - INFO - 	GeneDescriptions: 540
2025-06-11 21:07:19,591 - INFO - 	GeneGenerics: 0
2025-06-11 21:07:19,591 - INFO - 	GeneDbxrefs: 280
2025-06-11 21:07:24,120 - DEBUG - Features info df, writing to /home/brenodupin/matheus/gdt/example/fungi_mt/misc/features_info.tsv
